<?xml version="1.0" encoding="UTF-8"?>
<robot generator="Robot 7.2.2 (Python 3.13.1 on win32)" generated="2025-05-28T10:17:11.060859" rpa="false" schemaversion="5">
<suite id="s1" name="Test Pet" source="c:\Iterasys\PetstoreRobot140\__tests__\test_pet.robot">
<test id="s1-t1" name="Post pet" line="16">
<kw name="Create Dictionary" owner="BuiltIn">
<msg time="2025-05-28T10:17:11.547326" level="INFO">${body} = {'id': '184409098', 'category': {'id': '1', 'name': 'cachorro'}, 'name': 'Snoopy', 'photoUrls': [], 'tags': [{'id': '1', 'name': 'vacinado'}], 'status': 'available'}</msg>
<var>${body}</var>
<arg>id=${id}</arg>
<arg>category=${category}</arg>
<arg>name=${name}</arg>
<arg>photoUrls=${photoUrls}</arg>
<arg>tags=${tags}</arg>
<arg>status=${status}</arg>
<doc>Creates and returns a dictionary based on the given ``items``.</doc>
<status status="PASS" start="2025-05-28T10:17:11.546639" elapsed="0.003892"/>
</kw>
<kw name="POST" owner="RequestsLibrary">
<msg time="2025-05-28T10:17:12.208462" level="INFO">POST Request : url=https://petstore.swagger.io/v2/pet 
 path_url=/v2/pet 
 headers={'User-Agent': 'python-requests/2.32.3', 'Accept-Encoding': 'gzip, deflate', 'Accept': '*/*', 'Connection': 'keep-alive', 'Content-Length': '165', 'Content-Type': 'application/json'} 
 body=b'{"id": "184409098", "category": {"id": "1", "name": "cachorro"}, "name": "Snoopy", "photoUrls": [], "tags": [{"id": "1", "name": "vacinado"}], "status": "available"}' 
 </msg>
<msg time="2025-05-28T10:17:12.208782" level="INFO">POST Response : url=https://petstore.swagger.io/v2/pet 
 status=200, reason=OK 
 headers={'Date': 'Wed, 28 May 2025 13:17:13 GMT', 'Content-Type': 'application/json', 'Transfer-Encoding': 'chunked', 'Connection': 'keep-alive', 'Access-Control-Allow-Origin': '*', 'Access-Control-Allow-Methods': 'GET, POST, DELETE, PUT', 'Access-Control-Allow-Headers': 'Content-Type, api_key, Authorization', 'Server': 'Jetty(9.2.9.v20150224)'} 
 body={"id":184409098,"category":{"id":1,"name":"cachorro"},"name":"Snoopy","photoUrls":[],"tags":[{"id":1,"name":"vacinado"}],"status":"available"} 
 </msg>
<msg time="2025-05-28T10:17:12.209033" level="INFO">${response} = &lt;Response [200]&gt;</msg>
<var>${response}</var>
<arg>url=${url}</arg>
<arg>json=${body}</arg>
<doc>Sends a POST request.</doc>
<status status="PASS" start="2025-05-28T10:17:11.552069" elapsed="0.657081"/>
</kw>
<kw name="Set Variable" owner="BuiltIn">
<msg time="2025-05-28T10:17:12.217784" level="INFO">${response_body} = {'id': 184409098, 'category': {'id': 1, 'name': 'cachorro'}, 'name': 'Snoopy', 'photoUrls': [], 'tags': [{'id': 1, 'name': 'vacinado'}], 'status': 'available'}</msg>
<var>${response_body}</var>
<arg>${response.json()}</arg>
<doc>Returns the given values which can then be assigned to a variables.</doc>
<status status="PASS" start="2025-05-28T10:17:12.216503" elapsed="0.001576"/>
</kw>
<kw name="Log To Console" owner="BuiltIn">
<arg>${response_body}</arg>
<doc>Logs the given message to the console.</doc>
<status status="PASS" start="2025-05-28T10:17:12.221543" elapsed="0.001934"/>
</kw>
<kw name="Status Should Be" owner="RequestsLibrary">
<arg>200</arg>
<doc>Fails if response status code is different than the expected.</doc>
<status status="PASS" start="2025-05-28T10:17:12.225203" elapsed="0.000472"/>
</kw>
<kw name="Should Be Equal" owner="BuiltIn">
<arg>${response_body}[id]</arg>
<arg>${{int($id)}}</arg>
<doc>Fails if the given objects are unequal.</doc>
<status status="PASS" start="2025-05-28T10:17:12.228642" elapsed="0.001326"/>
</kw>
<kw name="Should Be Equal" owner="BuiltIn">
<arg>${response_body}[name]</arg>
<arg>${name}</arg>
<doc>Fails if the given objects are unequal.</doc>
<status status="PASS" start="2025-05-28T10:17:12.231842" elapsed="0.001077"/>
</kw>
<kw name="Should Be Equal" owner="BuiltIn">
<arg>${response_body}[tags][0][id]</arg>
<arg>${{int(${tag}[id])}}</arg>
<doc>Fails if the given objects are unequal.</doc>
<status status="PASS" start="2025-05-28T10:17:12.237474" elapsed="0.001195"/>
</kw>
<kw name="Should Be Equal" owner="BuiltIn">
<arg>${response_body}[tags][0][name]</arg>
<arg>${tag}[name]</arg>
<doc>Fails if the given objects are unequal.</doc>
<status status="PASS" start="2025-05-28T10:17:12.239757" elapsed="0.000597"/>
</kw>
<kw name="Should Be Equal" owner="BuiltIn">
<arg>${response_body}[status]</arg>
<arg>${status}</arg>
<doc>Fails if the given objects are unequal.</doc>
<status status="PASS" start="2025-05-28T10:17:12.249496" elapsed="0.000576"/>
</kw>
<status status="PASS" start="2025-05-28T10:17:11.544978" elapsed="0.706681"/>
</test>
<status status="PASS" start="2025-05-28T10:17:11.064769" elapsed="1.191088"/>
</suite>
<statistics>
<total>
<stat pass="1" fail="0" skip="0">All Tests</stat>
</total>
<tag>
</tag>
<suite>
<stat name="Test Pet" id="s1" pass="1" fail="0" skip="0">Test Pet</stat>
</suite>
</statistics>
<errors>
</errors>
</robot>
