<?xml version="1.0" encoding="UTF-8"?>
<robot generator="Robot 7.2.2 (Python 3.13.1 on win32)" generated="2025-06-21T11:41:13.087401" rpa="false" schemaversion="5">
<suite id="s1" name="Test Booker" source="c:\Iterasys\RobotBooker140\__test__\api\test_booker.robot">
<kw name="Create Token" owner="common" type="SETUP">
<kw name="Create Dictionary" owner="BuiltIn">
<msg time="2025-06-21T11:41:13.568677" level="INFO">${body} = {'username': 'admin', 'password': 'password123'}</msg>
<var>${body}</var>
<arg>username=admin</arg>
<arg>password=password123</arg>
<doc>Creates and returns a dictionary based on the given ``items``.</doc>
<status status="PASS" start="2025-06-21T11:41:13.568288" elapsed="0.004577"/>
</kw>
<kw name="POST" owner="RequestsLibrary">
<msg time="2025-06-21T11:41:14.211414" level="INFO">POST Request : url=https://restful-booker.herokuapp.com/auth 
 path_url=/auth 
 headers={'User-Agent': 'python-requests/2.32.3', 'Accept-Encoding': 'gzip, deflate', 'Accept': '*/*', 'Connection': 'keep-alive', 'Content-Length': '48', 'Content-Type': 'application/json'} 
 body=b'{"username": "admin", "password": "password123"}' 
 </msg>
<msg time="2025-06-21T11:41:14.211945" level="INFO">POST Response : url=https://restful-booker.herokuapp.com/auth 
 status=200, reason=OK 
 headers={'Content-Length': '27', 'Content-Type': 'application/json; charset=utf-8', 'Date': 'Sat, 21 Jun 2025 14:41:31 GMT', 'Etag': 'W/"1b-V7s79kwpJ9QuuV5Hz46uXzHclZM"', 'Nel': '{"report_to":"heroku-nel","response_headers":["Via"],"max_age":3600,"success_fraction":0.01,"failure_fraction":0.1}', 'Report-To': '{"group":"heroku-nel","endpoints":[{"url":"https://nel.heroku.com/reports?s=4aZgS3TO4PF4kIcc0gDFILYx4gzTIaB9Gs2ZTqxAR7E%3D\\u0026sid=c46efe9b-d3d2-4a0c-8c76-bfafa16c5add\\u0026ts=1750516891"}],"max_age":3600}', 'Reporting-Endpoints': 'heroku-nel="https://nel.heroku.com/reports?s=4aZgS3TO4PF4kIcc0gDFILYx4gzTIaB9Gs2ZTqxAR7E%3D&amp;sid=c46efe9b-d3d2-4a0c-8c76-bfafa16c5add&amp;ts=1750516891"', 'Server': 'Heroku', 'Via': '1.1 heroku-router', 'X-Powered-By': 'Express'} 
 body={"token":"c27da1e6790a4b0"} 
 </msg>
<msg time="2025-06-21T11:41:14.212286" level="INFO">${response} = &lt;Response [200]&gt;</msg>
<var>${response}</var>
<arg>url=${url}/auth</arg>
<arg>json=${body}</arg>
<doc>Sends a POST request.</doc>
<status status="PASS" start="2025-06-21T11:41:13.573314" elapsed="0.639131"/>
</kw>
<kw name="Status Should Be" owner="RequestsLibrary">
<arg>200</arg>
<doc>Fails if response status code is different than the expected.</doc>
<status status="PASS" start="2025-06-21T11:41:14.212722" elapsed="0.000320"/>
</kw>
<kw name="Set Variable" owner="BuiltIn">
<msg time="2025-06-21T11:41:14.214167" level="INFO">${Token} = c27da1e6790a4b0</msg>
<var>${Token}</var>
<arg>${response.json()}[token]</arg>
<doc>Returns the given values which can then be assigned to a variables.</doc>
<status status="PASS" start="2025-06-21T11:41:14.213296" elapsed="0.001567"/>
</kw>
<kw name="Set Suite Variable" owner="BuiltIn">
<msg time="2025-06-21T11:41:14.215405" level="INFO">${Token} = c27da1e6790a4b0</msg>
<arg>${Token}</arg>
<doc>Makes a variable available everywhere within the scope of the current suite.</doc>
<status status="PASS" start="2025-06-21T11:41:14.215111" elapsed="0.000459"/>
</kw>
<kw name="Log To Console" owner="BuiltIn">
<arg>${Token}</arg>
<doc>Logs the given message to the console.</doc>
<status status="PASS" start="2025-06-21T11:41:14.215745" elapsed="0.000480"/>
</kw>
<arg>${url}</arg>
<status status="PASS" start="2025-06-21T11:41:13.567681" elapsed="0.648876"/>
</kw>
<test id="s1-t1" name="Update Booking" line="50">
<kw name="Get Booking Id" owner="common">
<kw name="GET" owner="RequestsLibrary">
<msg time="2025-06-21T11:41:14.828778" level="INFO">GET Request : url=https://restful-booker.herokuapp.com/booking?firstname=Pool&amp;lastname=Brown 
 path_url=/booking?firstname=Pool&amp;lastname=Brown 
 headers={'User-Agent': 'python-requests/2.32.3', 'Accept-Encoding': 'gzip, deflate', 'Accept': '*/*', 'Connection': 'keep-alive'} 
 body=None 
 </msg>
<msg time="2025-06-21T11:41:14.829753" level="INFO">GET Response : url=https://restful-booker.herokuapp.com/booking?firstname=Pool&amp;lastname=Brown 
 status=200, reason=OK 
 headers={'Content-Length': '19', 'Content-Type': 'application/json; charset=utf-8', 'Date': 'Sat, 21 Jun 2025 14:41:31 GMT', 'Etag': 'W/"13-jLfE3fT9OncjvtkQNKhoiFLu3HA"', 'Nel': '{"report_to":"heroku-nel","response_headers":["Via"],"max_age":3600,"success_fraction":0.01,"failure_fraction":0.1}', 'Report-To': '{"group":"heroku-nel","endpoints":[{"url":"https://nel.heroku.com/reports?s=4aZgS3TO4PF4kIcc0gDFILYx4gzTIaB9Gs2ZTqxAR7E%3D\\u0026sid=c46efe9b-d3d2-4a0c-8c76-bfafa16c5add\\u0026ts=1750516891"}],"max_age":3600}', 'Reporting-Endpoints': 'heroku-nel="https://nel.heroku.com/reports?s=4aZgS3TO4PF4kIcc0gDFILYx4gzTIaB9Gs2ZTqxAR7E%3D&amp;sid=c46efe9b-d3d2-4a0c-8c76-bfafa16c5add&amp;ts=1750516891"', 'Server': 'Heroku', 'Via': '1.1 heroku-router', 'X-Powered-By': 'Express'} 
 body=[{"bookingid":513}] 
 </msg>
<msg time="2025-06-21T11:41:14.830315" level="INFO">${response} = &lt;Response [200]&gt;</msg>
<var>${response}</var>
<arg>url=${url}/booking?firstname=${firstname}&amp;lastname=${lastname}</arg>
<doc>Sends a GET request.</doc>
<status status="PASS" start="2025-06-21T11:41:14.218810" elapsed="0.611750"/>
</kw>
<kw name="Set Variable" owner="BuiltIn">
<msg time="2025-06-21T11:41:14.832559" level="INFO">${response_body} = [{'bookingid': 513}]</msg>
<var>${response_body}</var>
<arg>${response.json()}</arg>
<doc>Returns the given values which can then be assigned to a variables.</doc>
<status status="PASS" start="2025-06-21T11:41:14.831027" elapsed="0.001832"/>
</kw>
<kw name="Log To Console" owner="BuiltIn">
<arg>${response_body}</arg>
<doc>Logs the given message to the console.</doc>
<status status="PASS" start="2025-06-21T11:41:14.833288" elapsed="0.000930"/>
</kw>
<kw name="Status Should Be" owner="RequestsLibrary">
<arg>200</arg>
<doc>Fails if response status code is different than the expected.</doc>
<status status="PASS" start="2025-06-21T11:41:14.834914" elapsed="0.000888"/>
</kw>
<kw name="Set Variable" owner="BuiltIn">
<msg time="2025-06-21T11:41:14.837593" level="INFO">${booking_id} = 513</msg>
<var>${booking_id}</var>
<arg>${response_body}[0][bookingid]</arg>
<doc>Returns the given values which can then be assigned to a variables.</doc>
<status status="PASS" start="2025-06-21T11:41:14.836673" elapsed="0.001247"/>
</kw>
<kw name="Set Suite Variable" owner="BuiltIn">
<msg time="2025-06-21T11:41:14.838998" level="INFO">${booking_id} = 513</msg>
<arg>${booking_id}</arg>
<doc>Makes a variable available everywhere within the scope of the current suite.</doc>
<status status="PASS" start="2025-06-21T11:41:14.838373" elapsed="0.000931"/>
</kw>
<arg>${url}</arg>
<arg>${firstname}</arg>
<arg>${lastname}</arg>
<status status="PASS" start="2025-06-21T11:41:14.217858" elapsed="0.621763"/>
</kw>
<kw name="Create Dictionary" owner="BuiltIn">
<msg time="2025-06-21T11:41:14.843061" level="INFO">${headers} = {'Content-Type': 'application/json', 'Cookie': 'token=c27da1e6790a4b0'}</msg>
<var>${headers}</var>
<arg>Content-Type=${content_type}</arg>
<arg>Cookie=token=${Token}</arg>
<doc>Creates and returns a dictionary based on the given ``items``.</doc>
<status status="PASS" start="2025-06-21T11:41:14.840944" elapsed="0.004893"/>
</kw>
<kw name="Create Dictionary" owner="BuiltIn">
<msg time="2025-06-21T11:41:14.854772" level="INFO">${body} = {'firstname': 'Pool', 'lastname': 'Brown', 'totalprice': '90', 'depositpaid': 'True', 'bookingdates': {'checkin': '2024-04-27', 'checkout': '2024-04-27'}, 'additionalneeds': 'Breakfast'}</msg>
<var>${body}</var>
<arg>firstname=${firstname}</arg>
<arg>lastname=${lastname}</arg>
<arg>totalprice=90</arg>
<arg>depositpaid=True</arg>
<arg>bookingdates=${bookingdates}</arg>
<arg>additionalneeds=${additionalneeds}</arg>
<doc>Creates and returns a dictionary based on the given ``items``.</doc>
<status status="PASS" start="2025-06-21T11:41:14.853641" elapsed="0.001441"/>
</kw>
<kw name="PUT" owner="RequestsLibrary">
<msg time="2025-06-21T11:41:15.480096" level="INFO">PUT Request : url=https://restful-booker.herokuapp.com/booking/513 
 path_url=/booking/513 
 headers={'User-Agent': 'python-requests/2.32.3', 'Accept-Encoding': 'gzip, deflate', 'Accept': '*/*', 'Connection': 'keep-alive', 'Content-Type': 'application/json', 'Cookie': 'token=c27da1e6790a4b0', 'Content-Length': '186'} 
 body=b'{"firstname": "Pool", "lastname": "Brown", "totalprice": "90", "depositpaid": "True", "bookingdates": {"checkin": "2024-04-27", "checkout": "2024-04-27"}, "additionalneeds": "Breakfast"}' 
 </msg>
<msg time="2025-06-21T11:41:15.480648" level="INFO">PUT Response : url=https://restful-booker.herokuapp.com/booking/513 
 status=200, reason=OK 
 headers={'Content-Length': '168', 'Content-Type': 'application/json; charset=utf-8', 'Date': 'Sat, 21 Jun 2025 14:41:32 GMT', 'Etag': 'W/"a8-cbJOfzd24b+4DhX3hfOKNvaUaUM"', 'Nel': '{"report_to":"heroku-nel","response_headers":["Via"],"max_age":3600,"success_fraction":0.01,"failure_fraction":0.1}', 'Report-To': '{"group":"heroku-nel","endpoints":[{"url":"https://nel.heroku.com/reports?s=wlqGvQYao7GnPG9%2F4i6BqyC5xcby2C0Cqd4UskHunrY%3D\\u0026sid=c46efe9b-d3d2-4a0c-8c76-bfafa16c5add\\u0026ts=1750516892"}],"max_age":3600}', 'Reporting-Endpoints': 'heroku-nel="https://nel.heroku.com/reports?s=wlqGvQYao7GnPG9%2F4i6BqyC5xcby2C0Cqd4UskHunrY%3D&amp;sid=c46efe9b-d3d2-4a0c-8c76-bfafa16c5add&amp;ts=1750516892"', 'Server': 'Heroku', 'Via': '1.1 heroku-router', 'X-Powered-By': 'Express'} 
 body={"firstname":"Pool","lastname":"Brown","totalprice":90,"depositpaid":true,"bookingdates":{"checkin":"2024-04-27","checkout":"2024-04-27"},"additionalneeds":"Breakfast"} 
 </msg>
<msg time="2025-06-21T11:41:15.481160" level="INFO">${response} = &lt;Response [200]&gt;</msg>
<var>${response}</var>
<arg>url=${url}/booking/${booking_id}</arg>
<arg>json=${body}</arg>
<arg>headers=${headers}</arg>
<doc>Sends a PUT request.</doc>
<status status="PASS" start="2025-06-21T11:41:14.859595" elapsed="0.621798"/>
</kw>
<kw name="Set Variable" owner="BuiltIn">
<msg time="2025-06-21T11:41:15.485711" level="INFO">${response_body} = {'firstname': 'Pool', 'lastname': 'Brown', 'totalprice': 90, 'depositpaid': True, 'bookingdates': {'checkin': '2024-04-27', 'checkout': '2024-04-27'}, 'additionalneeds': 'Breakfast'}</msg>
<var>${response_body}</var>
<arg>${response.json()}</arg>
<doc>Returns the given values which can then be assigned to a variables.</doc>
<status status="PASS" start="2025-06-21T11:41:15.482793" elapsed="0.003473"/>
</kw>
<kw name="Log To Console" owner="BuiltIn">
<arg>${response_body}</arg>
<doc>Logs the given message to the console.</doc>
<status status="PASS" start="2025-06-21T11:41:15.488483" elapsed="0.009276"/>
</kw>
<kw name="Status Should Be" owner="RequestsLibrary">
<arg>200</arg>
<doc>Fails if response status code is different than the expected.</doc>
<status status="PASS" start="2025-06-21T11:41:15.500448" elapsed="0.000789"/>
</kw>
<kw name="Should Be Equal" owner="BuiltIn">
<arg>${response_body}[firstname]</arg>
<arg>${firstname}</arg>
<doc>Fails if the given objects are unequal.</doc>
<status status="PASS" start="2025-06-21T11:41:15.503789" elapsed="0.001334"/>
</kw>
<kw name="Should Be Equal" owner="BuiltIn">
<arg>${response_body}[lastname]</arg>
<arg>${lastname}</arg>
<doc>Fails if the given objects are unequal.</doc>
<status status="PASS" start="2025-06-21T11:41:15.507365" elapsed="0.001118"/>
</kw>
<kw name="Should Be Equal" owner="BuiltIn">
<arg>${response_body}[totalprice]</arg>
<arg>${{int(90)}}</arg>
<doc>Fails if the given objects are unequal.</doc>
<status status="PASS" start="2025-06-21T11:41:15.512206" elapsed="0.002044"/>
</kw>
<kw name="Should Be Equal" owner="BuiltIn">
<arg>${response_body}[depositpaid]</arg>
<arg>${{bool(True)}}</arg>
<doc>Fails if the given objects are unequal.</doc>
<status status="PASS" start="2025-06-21T11:41:15.516083" elapsed="0.001358"/>
</kw>
<kw name="Should Be Equal" owner="BuiltIn">
<arg>${response_body}[bookingdates][checkin]</arg>
<arg>${bookingdates}[checkin]</arg>
<doc>Fails if the given objects are unequal.</doc>
<status status="PASS" start="2025-06-21T11:41:15.518105" elapsed="0.000541"/>
</kw>
<kw name="Should Be Equal" owner="BuiltIn">
<arg>${response_body}[bookingdates][checkout]</arg>
<arg>${bookingdates}[checkout]</arg>
<doc>Fails if the given objects are unequal.</doc>
<status status="PASS" start="2025-06-21T11:41:15.519073" elapsed="0.000416"/>
</kw>
<kw name="Should Be Equal" owner="BuiltIn">
<arg>${response_body}[additionalneeds]</arg>
<arg>${additionalneeds}</arg>
<doc>Fails if the given objects are unequal.</doc>
<status status="PASS" start="2025-06-21T11:41:15.519898" elapsed="0.000389"/>
</kw>
<status status="PASS" start="2025-06-21T11:41:14.216811" elapsed="1.306659"/>
</test>
<status status="PASS" start="2025-06-21T11:41:13.091515" elapsed="2.434966"/>
</suite>
<statistics>
<total>
<stat pass="1" fail="0" skip="0">All Tests</stat>
</total>
<tag>
</tag>
<suite>
<stat name="Test Booker" id="s1" pass="1" fail="0" skip="0">Test Booker</stat>
</suite>
</statistics>
<errors>
</errors>
</robot>
