<?xml version="1.0" encoding="UTF-8"?>
<robot generator="Robot 7.2.2 (Python 3.13.1 on win32)" generated="2025-06-25T11:43:00.172200" rpa="false" schemaversion="5">
<suite id="s1" name="Test Create Booking Ddt" source="c:\Iterasys\RobotBooker140\__test__\api\test_create_booking_ddt.robot">
<test id="s1-t1" name="TC001" line="11">
<kw name="Create Token" owner="common" type="SETUP">
<kw name="Create Dictionary" owner="BuiltIn">
<msg time="2025-06-25T11:43:00.709597" level="INFO">${body} = {'username': 'admin', 'password': 'password123'}</msg>
<var>${body}</var>
<arg>username=admin</arg>
<arg>password=password123</arg>
<doc>Creates and returns a dictionary based on the given ``items``.</doc>
<status status="PASS" start="2025-06-25T11:43:00.708772" elapsed="0.003380"/>
</kw>
<kw name="POST" owner="RequestsLibrary">
<msg time="2025-06-25T11:43:01.629860" level="INFO">POST Request : url=https://restful-booker.herokuapp.com/auth 
 path_url=/auth 
 headers={'User-Agent': 'python-requests/2.32.3', 'Accept-Encoding': 'gzip, deflate', 'Accept': '*/*', 'Connection': 'keep-alive', 'Content-Length': '48', 'Content-Type': 'application/json'} 
 body=b'{"username": "admin", "password": "password123"}' 
 </msg>
<msg time="2025-06-25T11:43:01.630498" level="INFO">POST Response : url=https://restful-booker.herokuapp.com/auth 
 status=200, reason=OK 
 headers={'Content-Length': '27', 'Content-Type': 'application/json; charset=utf-8', 'Date': 'Wed, 25 Jun 2025 14:43:20 GMT', 'Etag': 'W/"1b-p4kViyzoc9aaCS3Zt38LKRp20VE"', 'Nel': '{"report_to":"heroku-nel","response_headers":["Via"],"max_age":3600,"success_fraction":0.01,"failure_fraction":0.1}', 'Report-To': '{"group":"heroku-nel","endpoints":[{"url":"https://nel.heroku.com/reports?s=GLq5jZhGQ%2FSX1Ps%2FGz6F3iI7cmDh%2BKjgY%2FSDDSX1THc%3D\\u0026sid=c46efe9b-d3d2-4a0c-8c76-bfafa16c5add\\u0026ts=1750862600"}],"max_age":3600}', 'Reporting-Endpoints': 'heroku-nel="https://nel.heroku.com/reports?s=GLq5jZhGQ%2FSX1Ps%2FGz6F3iI7cmDh%2BKjgY%2FSDDSX1THc%3D&amp;sid=c46efe9b-d3d2-4a0c-8c76-bfafa16c5add&amp;ts=1750862600"', 'Server': 'Heroku', 'Via': '1.1 heroku-router', 'X-Powered-By': 'Express'} 
 body={"token":"5251359ce9c2e28"} 
 </msg>
<msg time="2025-06-25T11:43:01.631022" level="INFO">${response} = &lt;Response [200]&gt;</msg>
<var>${response}</var>
<arg>url=${url}/auth</arg>
<arg>json=${body}</arg>
<doc>Sends a POST request.</doc>
<status status="PASS" start="2025-06-25T11:43:00.712621" elapsed="0.918641"/>
</kw>
<kw name="Status Should Be" owner="RequestsLibrary">
<arg>200</arg>
<doc>Fails if response status code is different than the expected.</doc>
<status status="PASS" start="2025-06-25T11:43:01.631753" elapsed="0.000518"/>
</kw>
<kw name="Set Variable" owner="BuiltIn">
<msg time="2025-06-25T11:43:01.634160" level="INFO">${Token} = 5251359ce9c2e28</msg>
<var>${Token}</var>
<arg>${response.json()}[token]</arg>
<doc>Returns the given values which can then be assigned to a variables.</doc>
<status status="PASS" start="2025-06-25T11:43:01.632658" elapsed="0.001782"/>
</kw>
<kw name="Set Suite Variable" owner="BuiltIn">
<msg time="2025-06-25T11:43:01.635435" level="INFO">${Token} = 5251359ce9c2e28</msg>
<arg>${Token}</arg>
<doc>Makes a variable available everywhere within the scope of the current suite.</doc>
<status status="PASS" start="2025-06-25T11:43:01.634868" elapsed="0.000848"/>
</kw>
<kw name="Log To Console" owner="BuiltIn">
<arg>${Token}</arg>
<doc>Logs the given message to the console.</doc>
<status status="PASS" start="2025-06-25T11:43:01.636090" elapsed="0.000818"/>
</kw>
<arg>${url}</arg>
<status status="PASS" start="2025-06-25T11:43:00.707500" elapsed="0.929943"/>
</kw>
<kw name="Create Booking DDT">
<kw name="Create Dictionary" owner="BuiltIn">
<msg time="2025-06-25T11:43:01.644438" level="INFO">${headers} = {'Content-Type': 'application/json'}</msg>
<var>${headers}</var>
<arg>Content-Type=${content_type}</arg>
<doc>Creates and returns a dictionary based on the given ``items``.</doc>
<status status="PASS" start="2025-06-25T11:43:01.643352" elapsed="0.002602"/>
</kw>
<kw name="Convert To Integer" owner="BuiltIn">
<msg time="2025-06-25T11:43:01.647243" level="INFO">${totalprice} = 80</msg>
<var>${totalprice}</var>
<arg>${totalprice}</arg>
<doc>Converts the given item to an integer number.</doc>
<status status="PASS" start="2025-06-25T11:43:01.646454" elapsed="0.001109"/>
</kw>
<kw name="Convert To Boolean" owner="BuiltIn">
<msg time="2025-06-25T11:43:01.648595" level="INFO">${depositpaid} = False</msg>
<var>${depositpaid}</var>
<arg>${depositpaid}</arg>
<doc>Converts the given item to Boolean true or false.</doc>
<status status="PASS" start="2025-06-25T11:43:01.647967" elapsed="0.000855"/>
</kw>
<kw name="Create Dictionary" owner="BuiltIn">
<msg time="2025-06-25T11:43:01.649818" level="INFO">&amp;{bookingdates} = { checkin=2024-04-29 | checkout=2024-04-30 }</msg>
<var>&amp;{bookingdates}</var>
<arg>checkin=${checkin}</arg>
<arg>checkout=${checkout}</arg>
<doc>Creates and returns a dictionary based on the given ``items``.</doc>
<status status="PASS" start="2025-06-25T11:43:01.649160" elapsed="0.000901"/>
</kw>
<kw name="Create Dictionary" owner="BuiltIn">
<msg time="2025-06-25T11:43:01.651164" level="INFO">${body} = {'firstname': 'fulano', 'lastname': 'ciclano', 'totalprice': 80, 'depositpaid': False, 'bookingdates': {'checkin': '2024-04-29', 'checkout': '2024-04-30'}, 'additionalneeds': 'piscina'}</msg>
<var>${body}</var>
<arg>firstname=${firstname}</arg>
<arg>lastname=${lastname}</arg>
<arg>totalprice=${totalprice}</arg>
<arg>depositpaid=${depositpaid}</arg>
<arg>bookingdates=${bookingdates}</arg>
<arg>additionalneeds=${additionalneeds}</arg>
<doc>Creates and returns a dictionary based on the given ``items``.</doc>
<status status="PASS" start="2025-06-25T11:43:01.650378" elapsed="0.001010"/>
</kw>
<kw name="POST" owner="RequestsLibrary">
<msg time="2025-06-25T11:43:02.232263" level="INFO">POST Request : url=https://restful-booker.herokuapp.com/booking 
 path_url=/booking 
 headers={'User-Agent': 'python-requests/2.32.3', 'Accept-Encoding': 'gzip, deflate', 'Accept': '*/*', 'Connection': 'keep-alive', 'Content-Type': 'application/json', 'Content-Length': '185'} 
 body=b'{"firstname": "fulano", "lastname": "ciclano", "totalprice": 80, "depositpaid": false, "bookingdates": {"checkin": "2024-04-29", "checkout": "2024-04-30"}, "additionalneeds": "piscina"}' 
 </msg>
<msg time="2025-06-25T11:43:02.232827" level="INFO">POST Response : url=https://restful-booker.herokuapp.com/booking 
 status=200, reason=OK 
 headers={'Content-Length': '200', 'Content-Type': 'application/json; charset=utf-8', 'Date': 'Wed, 25 Jun 2025 14:43:21 GMT', 'Etag': 'W/"c8-zmjIEI507RYWJzq3jF+L9aaP9V4"', 'Nel': '{"report_to":"heroku-nel","response_headers":["Via"],"max_age":3600,"success_fraction":0.01,"failure_fraction":0.1}', 'Report-To': '{"group":"heroku-nel","endpoints":[{"url":"https://nel.heroku.com/reports?s=5bwaVNsLLLS6L25OVWl6V7C8c3%2Bh4Wo%2B1QnhmItm2uU%3D\\u0026sid=c46efe9b-d3d2-4a0c-8c76-bfafa16c5add\\u0026ts=1750862601"}],"max_age":3600}', 'Reporting-Endpoints': 'heroku-nel="https://nel.heroku.com/reports?s=5bwaVNsLLLS6L25OVWl6V7C8c3%2Bh4Wo%2B1QnhmItm2uU%3D&amp;sid=c46efe9b-d3d2-4a0c-8c76-bfafa16c5add&amp;ts=1750862601"', 'Server': 'Heroku', 'Via': '1.1 heroku-router', 'X-Powered-By': 'Express'} 
 body={"bookingid":1653,"booking":{"firstname":"fulano","lastname":"ciclano","totalprice":80,"depositpaid":false,"bookingdates":{"checkin":"2024-04-29","checkout":"2024-04-30"},"additionalneeds":"piscina"}} 
 </msg>
<msg time="2025-06-25T11:43:02.233501" level="INFO">${response} = &lt;Response [200]&gt;</msg>
<var>${response}</var>
<arg>url=${url}/booking</arg>
<arg>headers=${headers}</arg>
<arg>json=${body}</arg>
<doc>Sends a POST request.</doc>
<status status="PASS" start="2025-06-25T11:43:01.651667" elapsed="0.582073"/>
</kw>
<kw name="Set Variable" owner="BuiltIn">
<msg time="2025-06-25T11:43:02.235815" level="INFO">${response_body} = {'bookingid': 1653, 'booking': {'firstname': 'fulano', 'lastname': 'ciclano', 'totalprice': 80, 'depositpaid': False, 'bookingdates': {'checkin': '2024-04-29', 'checkout': '2024-04-30'}, 'additionalne...</msg>
<var>${response_body}</var>
<arg>${response.json()}</arg>
<doc>Returns the given values which can then be assigned to a variables.</doc>
<status status="PASS" start="2025-06-25T11:43:02.234217" elapsed="0.002163"/>
</kw>
<kw name="Log To Console" owner="BuiltIn">
<arg>${response_body}</arg>
<doc>Logs the given message to the console.</doc>
<status status="PASS" start="2025-06-25T11:43:02.236786" elapsed="0.001764"/>
</kw>
<kw name="Status Should Be" owner="RequestsLibrary">
<arg>200</arg>
<doc>Fails if response status code is different than the expected.</doc>
<status status="PASS" start="2025-06-25T11:43:02.239214" elapsed="0.000437"/>
</kw>
<kw name="Should Be Equal" owner="BuiltIn">
<arg>${response_body}[booking][firstname]</arg>
<arg>${firstname}</arg>
<doc>Fails if the given objects are unequal.</doc>
<status status="PASS" start="2025-06-25T11:43:02.240026" elapsed="0.000633"/>
</kw>
<kw name="Should Be Equal" owner="BuiltIn">
<arg>${response_body}[booking][lastname]</arg>
<arg>${lastname}</arg>
<doc>Fails if the given objects are unequal.</doc>
<status status="PASS" start="2025-06-25T11:43:02.241054" elapsed="0.000539"/>
</kw>
<kw name="Should Be Equal" owner="BuiltIn">
<arg>${response_body}[booking][totalprice]</arg>
<arg>${totalprice}</arg>
<doc>Fails if the given objects are unequal.</doc>
<status status="PASS" start="2025-06-25T11:43:02.242619" elapsed="0.001147"/>
</kw>
<kw name="Should Be Equal" owner="BuiltIn">
<arg>${response_body}[booking][depositpaid]</arg>
<arg>${depositpaid}</arg>
<doc>Fails if the given objects are unequal.</doc>
<status status="PASS" start="2025-06-25T11:43:02.244294" elapsed="0.000681"/>
</kw>
<kw name="Should Be Equal" owner="BuiltIn">
<arg>${response_body}[booking][bookingdates][checkin]</arg>
<arg>${checkin}</arg>
<doc>Fails if the given objects are unequal.</doc>
<status status="PASS" start="2025-06-25T11:43:02.245404" elapsed="0.000608"/>
</kw>
<kw name="Should Be Equal" owner="BuiltIn">
<arg>${response_body}[booking][bookingdates][checkout]</arg>
<arg>${checkout}</arg>
<doc>Fails if the given objects are unequal.</doc>
<status status="PASS" start="2025-06-25T11:43:02.246337" elapsed="0.000301"/>
</kw>
<kw name="Should Be Equal" owner="BuiltIn">
<arg>${response_body}[booking][additionalneeds]</arg>
<arg>${additionalneeds}</arg>
<doc>Fails if the given objects are unequal.</doc>
<status status="PASS" start="2025-06-25T11:43:02.246796" elapsed="0.000228"/>
</kw>
<arg>firstname=fulano</arg>
<arg>lastname=ciclano</arg>
<arg>totalprice=80</arg>
<arg>depositpaid=false</arg>
<arg>checkin=2024-04-29</arg>
<arg>checkout=2024-04-30</arg>
<arg>additionalneeds=piscina</arg>
<status status="PASS" start="2025-06-25T11:43:01.640891" elapsed="0.606247"/>
</kw>
<status status="PASS" start="2025-06-25T11:43:00.706001" elapsed="1.541702"/>
</test>
<test id="s1-t2" name="TC001" line="11">
<kw name="Create Token" owner="common" type="SETUP">
<kw name="Create Dictionary" owner="BuiltIn">
<msg time="2025-06-25T11:43:02.261448" level="INFO">${body} = {'username': 'admin', 'password': 'password123'}</msg>
<var>${body}</var>
<arg>username=admin</arg>
<arg>password=password123</arg>
<doc>Creates and returns a dictionary based on the given ``items``.</doc>
<status status="PASS" start="2025-06-25T11:43:02.260906" elapsed="0.000780"/>
</kw>
<kw name="POST" owner="RequestsLibrary">
<msg time="2025-06-25T11:43:03.203397" level="INFO">POST Request : url=https://restful-booker.herokuapp.com/auth 
 path_url=/auth 
 headers={'User-Agent': 'python-requests/2.32.3', 'Accept-Encoding': 'gzip, deflate', 'Accept': '*/*', 'Connection': 'keep-alive', 'Content-Length': '48', 'Content-Type': 'application/json'} 
 body=b'{"username": "admin", "password": "password123"}' 
 </msg>
<msg time="2025-06-25T11:43:03.203857" level="INFO">POST Response : url=https://restful-booker.herokuapp.com/auth 
 status=200, reason=OK 
 headers={'Content-Length': '27', 'Content-Type': 'application/json; charset=utf-8', 'Date': 'Wed, 25 Jun 2025 14:43:22 GMT', 'Etag': 'W/"1b-0qswGS+QETXPHHYuVBlhN1nwJD0"', 'Nel': '{"report_to":"heroku-nel","response_headers":["Via"],"max_age":3600,"success_fraction":0.01,"failure_fraction":0.1}', 'Report-To': '{"group":"heroku-nel","endpoints":[{"url":"https://nel.heroku.com/reports?s=ECKIGX5hA5wzzatldegHlf3WJXwuUYQuNf3KWHX%2Fc%2B8%3D\\u0026sid=c46efe9b-d3d2-4a0c-8c76-bfafa16c5add\\u0026ts=1750862602"}],"max_age":3600}', 'Reporting-Endpoints': 'heroku-nel="https://nel.heroku.com/reports?s=ECKIGX5hA5wzzatldegHlf3WJXwuUYQuNf3KWHX%2Fc%2B8%3D&amp;sid=c46efe9b-d3d2-4a0c-8c76-bfafa16c5add&amp;ts=1750862602"', 'Server': 'Heroku', 'Via': '1.1 heroku-router', 'X-Powered-By': 'Express'} 
 body={"token":"155888117826acc"} 
 </msg>
<msg time="2025-06-25T11:43:03.204341" level="INFO">${response} = &lt;Response [200]&gt;</msg>
<var>${response}</var>
<arg>url=${url}/auth</arg>
<arg>json=${body}</arg>
<doc>Sends a POST request.</doc>
<status status="PASS" start="2025-06-25T11:43:02.262047" elapsed="0.942507"/>
</kw>
<kw name="Status Should Be" owner="RequestsLibrary">
<arg>200</arg>
<doc>Fails if response status code is different than the expected.</doc>
<status status="PASS" start="2025-06-25T11:43:03.204987" elapsed="0.000439"/>
</kw>
<kw name="Set Variable" owner="BuiltIn">
<msg time="2025-06-25T11:43:03.206829" level="INFO">${Token} = 155888117826acc</msg>
<var>${Token}</var>
<arg>${response.json()}[token]</arg>
<doc>Returns the given values which can then be assigned to a variables.</doc>
<status status="PASS" start="2025-06-25T11:43:03.205787" elapsed="0.001227"/>
</kw>
<kw name="Set Suite Variable" owner="BuiltIn">
<msg time="2025-06-25T11:43:03.207595" level="INFO">${Token} = 155888117826acc</msg>
<arg>${Token}</arg>
<doc>Makes a variable available everywhere within the scope of the current suite.</doc>
<status status="PASS" start="2025-06-25T11:43:03.207257" elapsed="0.000504"/>
</kw>
<kw name="Log To Console" owner="BuiltIn">
<arg>${Token}</arg>
<doc>Logs the given message to the console.</doc>
<status status="PASS" start="2025-06-25T11:43:03.207973" elapsed="0.004004"/>
</kw>
<arg>${url}</arg>
<status status="PASS" start="2025-06-25T11:43:02.258785" elapsed="0.953526"/>
</kw>
<kw name="Create Booking DDT">
<kw name="Create Dictionary" owner="BuiltIn">
<msg time="2025-06-25T11:43:03.214528" level="INFO">${headers} = {'Content-Type': 'application/json'}</msg>
<var>${headers}</var>
<arg>Content-Type=${content_type}</arg>
<doc>Creates and returns a dictionary based on the given ``items``.</doc>
<status status="PASS" start="2025-06-25T11:43:03.214044" elapsed="0.000730"/>
</kw>
<kw name="Convert To Integer" owner="BuiltIn">
<msg time="2025-06-25T11:43:03.215599" level="INFO">${totalprice} = 150</msg>
<var>${totalprice}</var>
<arg>${totalprice}</arg>
<doc>Converts the given item to an integer number.</doc>
<status status="PASS" start="2025-06-25T11:43:03.215116" elapsed="0.000675"/>
</kw>
<kw name="Convert To Boolean" owner="BuiltIn">
<msg time="2025-06-25T11:43:03.216478" level="INFO">${depositpaid} = False</msg>
<var>${depositpaid}</var>
<arg>${depositpaid}</arg>
<doc>Converts the given item to Boolean true or false.</doc>
<status status="PASS" start="2025-06-25T11:43:03.216060" elapsed="0.000601"/>
</kw>
<kw name="Create Dictionary" owner="BuiltIn">
<msg time="2025-06-25T11:43:03.217602" level="INFO">&amp;{bookingdates} = { checkin=2024-04-29 | checkout=2024-04-30 }</msg>
<var>&amp;{bookingdates}</var>
<arg>checkin=${checkin}</arg>
<arg>checkout=${checkout}</arg>
<doc>Creates and returns a dictionary based on the given ``items``.</doc>
<status status="PASS" start="2025-06-25T11:43:03.216984" elapsed="0.000823"/>
</kw>
<kw name="Create Dictionary" owner="BuiltIn">
<msg time="2025-06-25T11:43:03.218972" level="INFO">${body} = {'firstname': 'beltrano', 'lastname': 'ciclano', 'totalprice': 150, 'depositpaid': False, 'bookingdates': {'checkin': '2024-04-29', 'checkout': '2024-04-30'}, 'additionalneeds': 'tenis de mesa'}</msg>
<var>${body}</var>
<arg>firstname=${firstname}</arg>
<arg>lastname=${lastname}</arg>
<arg>totalprice=${totalprice}</arg>
<arg>depositpaid=${depositpaid}</arg>
<arg>bookingdates=${bookingdates}</arg>
<arg>additionalneeds=${additionalneeds}</arg>
<doc>Creates and returns a dictionary based on the given ``items``.</doc>
<status status="PASS" start="2025-06-25T11:43:03.218132" elapsed="0.001071"/>
</kw>
<kw name="POST" owner="RequestsLibrary">
<msg time="2025-06-25T11:43:03.805482" level="INFO">POST Request : url=https://restful-booker.herokuapp.com/booking 
 path_url=/booking 
 headers={'User-Agent': 'python-requests/2.32.3', 'Accept-Encoding': 'gzip, deflate', 'Accept': '*/*', 'Connection': 'keep-alive', 'Content-Type': 'application/json', 'Content-Length': '194'} 
 body=b'{"firstname": "beltrano", "lastname": "ciclano", "totalprice": 150, "depositpaid": false, "bookingdates": {"checkin": "2024-04-29", "checkout": "2024-04-30"}, "additionalneeds": "tenis de mesa"}' 
 </msg>
<msg time="2025-06-25T11:43:03.806053" level="INFO">POST Response : url=https://restful-booker.herokuapp.com/booking 
 status=200, reason=OK 
 headers={'Content-Length': '209', 'Content-Type': 'application/json; charset=utf-8', 'Date': 'Wed, 25 Jun 2025 14:43:22 GMT', 'Etag': 'W/"d1-PDnI8vM6WbY+Lk3XcLVhcoOZ904"', 'Nel': '{"report_to":"heroku-nel","response_headers":["Via"],"max_age":3600,"success_fraction":0.01,"failure_fraction":0.1}', 'Report-To': '{"group":"heroku-nel","endpoints":[{"url":"https://nel.heroku.com/reports?s=ECKIGX5hA5wzzatldegHlf3WJXwuUYQuNf3KWHX%2Fc%2B8%3D\\u0026sid=c46efe9b-d3d2-4a0c-8c76-bfafa16c5add\\u0026ts=1750862602"}],"max_age":3600}', 'Reporting-Endpoints': 'heroku-nel="https://nel.heroku.com/reports?s=ECKIGX5hA5wzzatldegHlf3WJXwuUYQuNf3KWHX%2Fc%2B8%3D&amp;sid=c46efe9b-d3d2-4a0c-8c76-bfafa16c5add&amp;ts=1750862602"', 'Server': 'Heroku', 'Via': '1.1 heroku-router', 'X-Powered-By': 'Express'} 
 body={"bookingid":1659,"booking":{"firstname":"beltrano","lastname":"ciclano","totalprice":150,"depositpaid":false,"bookingdates":{"checkin":"2024-04-29","checkout":"2024-04-30"},"additionalneeds":"tenis de mesa"}} 
 </msg>
<msg time="2025-06-25T11:43:03.806575" level="INFO">${response} = &lt;Response [200]&gt;</msg>
<var>${response}</var>
<arg>url=${url}/booking</arg>
<arg>headers=${headers}</arg>
<arg>json=${body}</arg>
<doc>Sends a POST request.</doc>
<status status="PASS" start="2025-06-25T11:43:03.219749" elapsed="0.587061"/>
</kw>
<kw name="Set Variable" owner="BuiltIn">
<msg time="2025-06-25T11:43:03.809475" level="INFO">${response_body} = {'bookingid': 1659, 'booking': {'firstname': 'beltrano', 'lastname': 'ciclano', 'totalprice': 150, 'depositpaid': False, 'bookingdates': {'checkin': '2024-04-29', 'checkout': '2024-04-30'}, 'additiona...</msg>
<var>${response_body}</var>
<arg>${response.json()}</arg>
<doc>Returns the given values which can then be assigned to a variables.</doc>
<status status="PASS" start="2025-06-25T11:43:03.807305" elapsed="0.002750"/>
</kw>
<kw name="Log To Console" owner="BuiltIn">
<arg>${response_body}</arg>
<doc>Logs the given message to the console.</doc>
<status status="PASS" start="2025-06-25T11:43:03.810804" elapsed="0.005222"/>
</kw>
<kw name="Status Should Be" owner="RequestsLibrary">
<arg>200</arg>
<doc>Fails if response status code is different than the expected.</doc>
<status status="PASS" start="2025-06-25T11:43:03.816537" elapsed="0.000413"/>
</kw>
<kw name="Should Be Equal" owner="BuiltIn">
<arg>${response_body}[booking][firstname]</arg>
<arg>${firstname}</arg>
<doc>Fails if the given objects are unequal.</doc>
<status status="PASS" start="2025-06-25T11:43:03.817281" elapsed="0.000562"/>
</kw>
<kw name="Should Be Equal" owner="BuiltIn">
<arg>${response_body}[booking][lastname]</arg>
<arg>${lastname}</arg>
<doc>Fails if the given objects are unequal.</doc>
<status status="PASS" start="2025-06-25T11:43:03.818166" elapsed="0.000442"/>
</kw>
<kw name="Should Be Equal" owner="BuiltIn">
<arg>${response_body}[booking][totalprice]</arg>
<arg>${totalprice}</arg>
<doc>Fails if the given objects are unequal.</doc>
<status status="PASS" start="2025-06-25T11:43:03.818905" elapsed="0.000532"/>
</kw>
<kw name="Should Be Equal" owner="BuiltIn">
<arg>${response_body}[booking][depositpaid]</arg>
<arg>${depositpaid}</arg>
<doc>Fails if the given objects are unequal.</doc>
<status status="PASS" start="2025-06-25T11:43:03.819754" elapsed="0.000478"/>
</kw>
<kw name="Should Be Equal" owner="BuiltIn">
<arg>${response_body}[booking][bookingdates][checkin]</arg>
<arg>${checkin}</arg>
<doc>Fails if the given objects are unequal.</doc>
<status status="PASS" start="2025-06-25T11:43:03.820524" elapsed="0.000466"/>
</kw>
<kw name="Should Be Equal" owner="BuiltIn">
<arg>${response_body}[booking][bookingdates][checkout]</arg>
<arg>${checkout}</arg>
<doc>Fails if the given objects are unequal.</doc>
<status status="PASS" start="2025-06-25T11:43:03.821275" elapsed="0.000470"/>
</kw>
<kw name="Should Be Equal" owner="BuiltIn">
<arg>${response_body}[booking][additionalneeds]</arg>
<arg>${additionalneeds}</arg>
<doc>Fails if the given objects are unequal.</doc>
<status status="PASS" start="2025-06-25T11:43:03.822034" elapsed="0.000465"/>
</kw>
<arg>firstname=beltrano</arg>
<arg>lastname=ciclano</arg>
<arg>totalprice=150</arg>
<arg>depositpaid=false</arg>
<arg>checkin=2024-04-29</arg>
<arg>checkout=2024-04-30</arg>
<arg>additionalneeds=tenis de mesa</arg>
<status status="PASS" start="2025-06-25T11:43:03.213300" elapsed="0.609424"/>
</kw>
<status status="PASS" start="2025-06-25T11:43:02.256262" elapsed="1.567774"/>
</test>
<status status="PASS" start="2025-06-25T11:43:00.176539" elapsed="3.650930"/>
</suite>
<statistics>
<total>
<stat pass="2" fail="0" skip="0">All Tests</stat>
</total>
<tag>
</tag>
<suite>
<stat name="Test Create Booking Ddt" id="s1" pass="2" fail="0" skip="0">Test Create Booking Ddt</stat>
</suite>
</statistics>
<errors>
<msg time="2025-06-25T11:43:02.256435" level="WARN">Multiple tests with name 'TC001' executed in suite 'Test Create Booking Ddt'.</msg>
</errors>
</robot>
