<?xml version="1.0" encoding="UTF-8"?>
<robot generator="Robot 7.2.2 (Python 3.13.1 on win32)" generated="2025-07-05T11:02:40.779088" rpa="false" schemaversion="5">
<suite id="s1" name="Selecionar Produto" source="c:\Iterasys\RobotSauceDemo140\tests\web\selecionar_produto.robot">
<test id="s1-t1" name="Selecionar Sauce Labs Backpack Login com Enter" line="27">
<kw name="Dado que acesso o site SauceDemo">
<kw name="Open Browser" owner="SeleniumLibrary">
<msg time="2025-07-05T11:02:41.493851" level="INFO">Opening browser 'Chrome' to base url 'https://www.saucedemo.com/'.</msg>
<arg>url=${ur}</arg>
<arg>browser=${browser}</arg>
<doc>Opens a new browser instance to the optional ``url``.</doc>
<status status="PASS" start="2025-07-05T11:02:41.493082" elapsed="4.108333"/>
</kw>
<kw name="Maximize Browser Window" owner="SeleniumLibrary">
<doc>Maximizes current browser window.</doc>
<status status="PASS" start="2025-07-05T11:02:45.605794" elapsed="0.090128"/>
</kw>
<kw name="Set Browser Implicit Wait" owner="SeleniumLibrary">
<arg>10000ms</arg>
<doc>Sets the implicit wait value used by Selenium.</doc>
<status status="PASS" start="2025-07-05T11:02:45.696785" elapsed="0.029537"/>
</kw>
<kw name="Wait Until Element Is Visible" owner="SeleniumLibrary">
<arg>css=.login_logo</arg>
<arg>${timeout}</arg>
<doc>Waits until the element ``locator`` is visible.</doc>
<status status="PASS" start="2025-07-05T11:02:45.726692" elapsed="0.230208"/>
</kw>
<status status="PASS" start="2025-07-05T11:02:41.491361" elapsed="4.465877"/>
</kw>
<kw name="Quando preencho o campo usuario">
<kw name="Input Text" owner="SeleniumLibrary">
<msg time="2025-07-05T11:02:45.980570" level="INFO">Typing text 'standar_user' into text field 'css=[data-test="username"]'.</msg>
<arg>css=[data-test="username"]</arg>
<arg>${username}</arg>
<doc>Types the given ``text`` into the text field identified by ``locator``.</doc>
<status status="PASS" start="2025-07-05T11:02:45.979743" elapsed="0.355013"/>
</kw>
<arg>standar_user</arg>
<status status="PASS" start="2025-07-05T11:02:45.978069" elapsed="0.357030"/>
</kw>
<kw name="E preencho o campo senha">
<kw name="Input Password" owner="SeleniumLibrary">
<msg time="2025-07-05T11:02:46.348055" level="INFO">Typing password into text field 'css=[data-test="password"]'.</msg>
<msg time="2025-07-05T11:02:46.414111" level="INFO">Temporally setting log level to: NONE</msg>
<arg>css=[data-test="password"]</arg>
<arg>${password}</arg>
<doc>Types the given password into the text field identified by ``locator``.</doc>
<status status="PASS" start="2025-07-05T11:02:46.346835" elapsed="0.151239"/>
</kw>
<arg>laranja</arg>
<status status="PASS" start="2025-07-05T11:02:46.345332" elapsed="0.153010"/>
</kw>
<kw name="E pressiono a tecla Enter">
<kw name="Press Key" owner="SeleniumLibrary">
<arg>css=[data-test="password"]</arg>
<arg>Enter</arg>
<doc>Simulates user pressing key on element identified by ``locator``.</doc>
<status status="PASS" start="2025-07-05T11:02:46.499920" elapsed="0.095615"/>
</kw>
<status status="PASS" start="2025-07-05T11:02:46.499311" elapsed="0.096760"/>
</kw>
<kw name="Close Browser" owner="SeleniumLibrary" type="TEARDOWN">
<doc>Closes the current browser.</doc>
<status status="PASS" start="2025-07-05T11:02:46.622801" elapsed="5.537775"/>
</kw>
<status status="PASS" start="2025-07-05T11:02:41.458713" elapsed="10.702952"/>
</test>
<status status="PASS" start="2025-07-05T11:02:40.787320" elapsed="11.377965"/>
</suite>
<statistics>
<total>
<stat pass="1" fail="0" skip="0">All Tests</stat>
</total>
<tag>
</tag>
<suite>
<stat name="Selecionar Produto" id="s1" pass="1" fail="0" skip="0">Selecionar Produto</stat>
</suite>
</statistics>
<errors>
</errors>
</robot>
